#
# There is insufficient memory for the Java Runtime Environment to continue.
# Native memory allocation (mmap) failed to map 715849728 bytes for committing reserved memory.
# Possible reasons:
#   The system is out of physical RAM or swap space
#   The process is running with CompressedOops enabled, and the Java Heap may be blocking the growth of the native heap
# Possible solutions:
#   Reduce memory load on the system
#   Increase physical memory or swap space
#   Check if swap backing store is full
#   Decrease Java heap size (-Xmx/-Xms)
#   Decrease number of Java threads
#   Decrease Java thread stack sizes (-Xss)
#   Set larger code cache with -XX:ReservedCodeCacheSize=
# This output file may be truncated or incomplete.
#
#  Out of Memory Error (os_linux.cpp:2757), pid=6653, tid=0x00007fe611223700
#
# JRE version:  (8.0_222-b10) (build )
# Java VM: OpenJDK 64-Bit Server VM (25.222-b10 mixed mode linux-amd64 compressed oops)
# Failed to write core dump. Core dumps have been disabled. To enable core dumping, try "ulimit -c unlimited" before starting Java again
#

---------------  T H R E A D  ---------------

Current thread (0x00007fe60c00b800):  JavaThread "Unknown thread" [_thread_in_vm, id=6707, stack(0x00007fe610e24000,0x00007fe611224000)]

Stack: [0x00007fe610e24000,0x00007fe611224000],  sp=0x00007fe6112224c0,  free space=4089k
Native frames: (J=compiled Java code, j=interpreted, Vv=VM code, C=native code)
V  [libjvm.so+0xab8992]
V  [libjvm.so+0x4dbfd7]
V  [libjvm.so+0x8f33a0]
V  [libjvm.so+0x8ea46e]
V  [libjvm.so+0xab4bdc]
V  [libjvm.so+0x5e4956]
V  [libjvm.so+0xa5120a]
V  [libjvm.so+0x5e5d5d]
V  [libjvm.so+0x5d016f]
V  [libjvm.so+0xa7ad9a]
V  [libjvm.so+0xa7b095]
V  [libjvm.so+0x62903f]
V  [libjvm.so+0xa5ea63]
V  [libjvm.so+0x6ac371]  JNI_CreateJavaVM+0x61
C  [libjli.so+0x2c64]
C  [libjli.so+0x773d]
C  [libpthread.so.0+0x76db]  start_thread+0xdb


---------------  P R O C E S S  ---------------

Java Threads: ( => current thread )

Other Threads:

=>0x00007fe60c00b800 (exited) JavaThread "Unknown thread" [_thread_in_vm, id=6707, stack(0x00007fe610e24000,0x00007fe611224000)]

VM state:not at safepoint (not fully initialized)

VM Mutex/Monitor currently owned by a thread: None

heap address: 0x00000000c0000000, size: 1024 MB, Compressed Oops mode: Non-zero based:0x00000000bffff000
Narrow klass base: 0x0000000000000000, Narrow klass shift: 0

GC Heap History (0 events):
No events

Deoptimization events (0 events):
No events

Classes redefined (0 events):
No events

Internal exceptions (0 events):
No events

Events (0 events):
No events


Dynamic libraries:
c0000000-d5550000 rw-p 00000000 00:00 0 
55a786b69000-55a786b6a000 r-xp 00000000 08:01 413926                     /usr/lib/jvm/java-8-openjdk-amd64/jre/bin/java
55a786d69000-55a786d6a000 r--p 00000000 08:01 413926                     /usr/lib/jvm/java-8-openjdk-amd64/jre/bin/java
55a786d6a000-55a786d6b000 rw-p 00001000 08:01 413926                     /usr/lib/jvm/java-8-openjdk-amd64/jre/bin/java
55a7883f9000-55a78841a000 rw-p 00000000 00:00 0                          [heap]
7fe6037e4000-7fe60388f000 rw-p 00000000 00:00 0 
7fe60388f000-7fe6039e4000 ---p 00000000 00:00 0 
7fe6039e4000-7fe6039ef000 rw-p 00000000 00:00 0 
7fe6039ef000-7fe603be5000 ---p 00000000 00:00 0 
7fe603be5000-7fe603e55000 rwxp 00000000 00:00 0 
7fe603e55000-7fe60bbe5000 ---p 00000000 00:00 0 
7fe60bbe5000-7fe60bbed000 r-xp 00000000 08:01 413972                     /usr/lib/jvm/java-8-openjdk-amd64/jre/lib/amd64/libzip.so
7fe60bbed000-7fe60bdec000 ---p 00008000 08:01 413972                     /usr/lib/jvm/java-8-openjdk-amd64/jre/lib/amd64/libzip.so
7fe60bdec000-7fe60bded000 r--p 00007000 08:01 413972                     /usr/lib/jvm/java-8-openjdk-amd64/jre/lib/amd64/libzip.so
7fe60bded000-7fe60bdee000 rw-p 00008000 08:01 413972                     /usr/lib/jvm/java-8-openjdk-amd64/jre/lib/amd64/libzip.so
7fe60bdee000-7fe60bdf9000 r-xp 00000000 08:01 918308                     /lib/x86_64-linux-gnu/libnss_files-2.27.so
7fe60bdf9000-7fe60bff8000 ---p 0000b000 08:01 918308                     /lib/x86_64-linux-gnu/libnss_files-2.27.so
7fe60bff8000-7fe60bff9000 r--p 0000a000 08:01 918308                     /lib/x86_64-linux-gnu/libnss_files-2.27.so
7fe60bff9000-7fe60bffa000 rw-p 0000b000 08:01 918308                     /lib/x86_64-linux-gnu/libnss_files-2.27.so
7fe60bffa000-7fe60c000000 rw-p 00000000 00:00 0 
7fe60c000000-7fe60c034000 rw-p 00000000 00:00 0 
7fe60c034000-7fe610000000 ---p 00000000 00:00 0 
7fe6101ad000-7fe6101c4000 r-xp 00000000 08:01 918302                     /lib/x86_64-linux-gnu/libnsl-2.27.so
7fe6101c4000-7fe6103c3000 ---p 00017000 08:01 918302                     /lib/x86_64-linux-gnu/libnsl-2.27.so
7fe6103c3000-7fe6103c4000 r--p 00016000 08:01 918302                     /lib/x86_64-linux-gnu/libnsl-2.27.so
7fe6103c4000-7fe6103c5000 rw-p 00017000 08:01 918302                     /lib/x86_64-linux-gnu/libnsl-2.27.so
7fe6103c5000-7fe6103c7000 rw-p 00000000 00:00 0 
7fe6103c7000-7fe6103d2000 r-xp 00000000 08:01 918319                     /lib/x86_64-linux-gnu/libnss_nis-2.27.so
7fe6103d2000-7fe6105d1000 ---p 0000b000 08:01 918319                     /lib/x86_64-linux-gnu/libnss_nis-2.27.so
7fe6105d1000-7fe6105d2000 r--p 0000a000 08:01 918319                     /lib/x86_64-linux-gnu/libnss_nis-2.27.so
7fe6105d2000-7fe6105d3000 rw-p 0000b000 08:01 918319                     /lib/x86_64-linux-gnu/libnss_nis-2.27.so
7fe6105d3000-7fe6105db000 r-xp 00000000 08:01 918304                     /lib/x86_64-linux-gnu/libnss_compat-2.27.so
7fe6105db000-7fe6107db000 ---p 00008000 08:01 918304                     /lib/x86_64-linux-gnu/libnss_compat-2.27.so
7fe6107db000-7fe6107dc000 r--p 00008000 08:01 918304                     /lib/x86_64-linux-gnu/libnss_compat-2.27.so
7fe6107dc000-7fe6107dd000 rw-p 00009000 08:01 918304                     /lib/x86_64-linux-gnu/libnss_compat-2.27.so
7fe6107dd000-7fe610807000 r-xp 00000000 08:01 413953                     /usr/lib/jvm/java-8-openjdk-amd64/jre/lib/amd64/libjava.so
7fe610807000-7fe610a06000 ---p 0002a000 08:01 413953                     /usr/lib/jvm/java-8-openjdk-amd64/jre/lib/amd64/libjava.so
7fe610a06000-7fe610a07000 r--p 00029000 08:01 413953                     /usr/lib/jvm/java-8-openjdk-amd64/jre/lib/amd64/libjava.so
7fe610a07000-7fe610a09000 rw-p 0002a000 08:01 413953                     /usr/lib/jvm/java-8-openjdk-amd64/jre/lib/amd64/libjava.so
7fe610a09000-7fe610a19000 r-xp 00000000 08:01 413971                     /usr/lib/jvm/java-8-openjdk-amd64/jre/lib/amd64/libverify.so
7fe610a19000-7fe610c18000 ---p 00010000 08:01 413971                     /usr/lib/jvm/java-8-openjdk-amd64/jre/lib/amd64/libverify.so
7fe610c18000-7fe610c1a000 r--p 0000f000 08:01 413971                     /usr/lib/jvm/java-8-openjdk-amd64/jre/lib/amd64/libverify.so
7fe610c1a000-7fe610c1b000 rw-p 00011000 08:01 413971                     /usr/lib/jvm/java-8-openjdk-amd64/jre/lib/amd64/libverify.so
7fe610c1b000-7fe610c22000 r-xp 00000000 08:01 918359                     /lib/x86_64-linux-gnu/librt-2.27.so
7fe610c22000-7fe610e21000 ---p 00007000 08:01 918359                     /lib/x86_64-linux-gnu/librt-2.27.so
7fe610e21000-7fe610e22000 r--p 00006000 08:01 918359                     /lib/x86_64-linux-gnu/librt-2.27.so
7fe610e22000-7fe610e23000 rw-p 00007000 08:01 918359                     /lib/x86_64-linux-gnu/librt-2.27.so
7fe610e23000-7fe610e24000 ---p 00000000 00:00 0 
7fe610e24000-7fe610e27000 ---p 00000000 00:00 0 
7fe610e27000-7fe611224000 rw-p 00000000 00:00 0 
7fe611224000-7fe61123b000 r-xp 00000000 08:01 917750                     /lib/x86_64-linux-gnu/libgcc_s.so.1
7fe61123b000-7fe61143a000 ---p 00017000 08:01 917750                     /lib/x86_64-linux-gnu/libgcc_s.so.1
7fe61143a000-7fe61143b000 r--p 00016000 08:01 917750                     /lib/x86_64-linux-gnu/libgcc_s.so.1
7fe61143b000-7fe61143c000 rw-p 00017000 08:01 917750                     /lib/x86_64-linux-gnu/libgcc_s.so.1
7fe61143c000-7fe6115d9000 r-xp 00000000 08:01 918281                     /lib/x86_64-linux-gnu/libm-2.27.so
7fe6115d9000-7fe6117d8000 ---p 0019d000 08:01 918281                     /lib/x86_64-linux-gnu/libm-2.27.so
7fe6117d8000-7fe6117d9000 r--p 0019c000 08:01 918281                     /lib/x86_64-linux-gnu/libm-2.27.so
7fe6117d9000-7fe6117da000 rw-p 0019d000 08:01 918281                     /lib/x86_64-linux-gnu/libm-2.27.so
7fe6117da000-7fe611953000 r-xp 00000000 08:01 1175245                    /usr/lib/x86_64-linux-gnu/libstdc++.so.6.0.25
7fe611953000-7fe611b53000 ---p 00179000 08:01 1175245                    /usr/lib/x86_64-linux-gnu/libstdc++.so.6.0.25
7fe611b53000-7fe611b5d000 r--p 00179000 08:01 1175245                    /usr/lib/x86_64-linux-gnu/libstdc++.so.6.0.25
7fe611b5d000-7fe611b5f000 rw-p 00183000 08:01 1175245                    /usr/lib/x86_64-linux-gnu/libstdc++.so.6.0.25
7fe611b5f000-7fe611b63000 rw-p 00000000 00:00 0 
7fe611b63000-7fe612802000 r-xp 00000000 08:01 413975                     /usr/lib/jvm/java-8-openjdk-amd64/jre/lib/amd64/server/libjvm.so
7fe612802000-7fe612a02000 ---p 00c9f000 08:01 413975                     /usr/lib/jvm/java-8-openjdk-amd64/jre/lib/amd64/server/libjvm.so
7fe612a02000-7fe612a96000 r--p 00c9f000 08:01 413975                     /usr/lib/jvm/java-8-openjdk-amd64/jre/lib/amd64/server/libjvm.so
7fe612a96000-7fe612abf000 rw-p 00d33000 08:01 413975                     /usr/lib/jvm/java-8-openjdk-amd64/jre/lib/amd64/server/libjvm.so
7fe612abf000-7fe612aef000 rw-p 00000000 00:00 0 
7fe612aef000-7fe612b09000 r-xp 00000000 08:01 918351                     /lib/x86_64-linux-gnu/libpthread-2.27.so
7fe612b09000-7fe612d08000 ---p 0001a000 08:01 918351                     /lib/x86_64-linux-gnu/libpthread-2.27.so
7fe612d08000-7fe612d09000 r--p 00019000 08:01 918351                     /lib/x86_64-linux-gnu/libpthread-2.27.so
7fe612d09000-7fe612d0a000 rw-p 0001a000 08:01 918351                     /lib/x86_64-linux-gnu/libpthread-2.27.so
7fe612d0a000-7fe612d0e000 rw-p 00000000 00:00 0 
7fe612d0e000-7fe612d11000 r-xp 00000000 08:01 918241                     /lib/x86_64-linux-gnu/libdl-2.27.so
7fe612d11000-7fe612f10000 ---p 00003000 08:01 918241                     /lib/x86_64-linux-gnu/libdl-2.27.so
7fe612f10000-7fe612f11000 r--p 00002000 08:01 918241                     /lib/x86_64-linux-gnu/libdl-2.27.so
7fe612f11000-7fe612f12000 rw-p 00003000 08:01 918241                     /lib/x86_64-linux-gnu/libdl-2.27.so
7fe612f12000-7fe612f2e000 r-xp 00000000 08:01 918390                     /lib/x86_64-linux-gnu/libz.so.1.2.11
7fe612f2e000-7fe61312d000 ---p 0001c000 08:01 918390                     /lib/x86_64-linux-gnu/libz.so.1.2.11
7fe61312d000-7fe61312e000 r--p 0001b000 08:01 918390                     /lib/x86_64-linux-gnu/libz.so.1.2.11
7fe61312e000-7fe61312f000 rw-p 0001c000 08:01 918390                     /lib/x86_64-linux-gnu/libz.so.1.2.11
7fe61312f000-7fe613316000 r-xp 00000000 08:01 918218                     /lib/x86_64-linux-gnu/libc-2.27.so
7fe613316000-7fe613516000 ---p 001e7000 08:01 918218                     /lib/x86_64-linux-gnu/libc-2.27.so
7fe613516000-7fe61351a000 r--p 001e7000 08:01 918218                     /lib/x86_64-linux-gnu/libc-2.27.so
7fe61351a000-7fe61351c000 rw-p 001eb000 08:01 918218                     /lib/x86_64-linux-gnu/libc-2.27.so
7fe61351c000-7fe613520000 rw-p 00000000 00:00 0 
7fe613520000-7fe61352e000 r-xp 00000000 08:01 413939                     /usr/lib/jvm/java-8-openjdk-amd64/jre/lib/amd64/jli/libjli.so
7fe61352e000-7fe61372d000 ---p 0000e000 08:01 413939                     /usr/lib/jvm/java-8-openjdk-amd64/jre/lib/amd64/jli/libjli.so
7fe61372d000-7fe61372e000 r--p 0000d000 08:01 413939                     /usr/lib/jvm/java-8-openjdk-amd64/jre/lib/amd64/jli/libjli.so
7fe61372e000-7fe61372f000 rw-p 0000e000 08:01 413939                     /usr/lib/jvm/java-8-openjdk-amd64/jre/lib/amd64/jli/libjli.so
7fe61372f000-7fe613756000 r-xp 00000000 08:01 918190                     /lib/x86_64-linux-gnu/ld-2.27.so
7fe61393e000-7fe613940000 rw-p 00000000 00:00 0 
7fe61394a000-7fe613952000 rw-s 00000000 08:01 1201841                    /tmp/hsperfdata_edyoda/6653
7fe613952000-7fe613953000 rw-p 00000000 00:00 0 
7fe613953000-7fe613954000 r--p 00000000 00:00 0 
7fe613954000-7fe613956000 rw-p 00000000 00:00 0 
7fe613956000-7fe613957000 r--p 00027000 08:01 918190                     /lib/x86_64-linux-gnu/ld-2.27.so
7fe613957000-7fe613958000 rw-p 00028000 08:01 918190                     /lib/x86_64-linux-gnu/ld-2.27.so
7fe613958000-7fe613959000 rw-p 00000000 00:00 0 
7ffda151e000-7ffda153f000 rw-p 00000000 00:00 0                          [stack]
7ffda15a2000-7ffda15a5000 r--p 00000000 00:00 0                          [vvar]
7ffda15a5000-7ffda15a6000 r-xp 00000000 00:00 0                          [vdso]
ffffffffff600000-ffffffffff601000 r-xp 00000000 00:00 0                  [vsyscall]

VM Arguments:
jvm_args: -Dfile.encoding=UTF-8 -Xms1024m -Xmx1024m -Xss4M -XX:ReservedCodeCacheSize=128m 
java_command: /usr/share/sbt/bin/sbt-launch.jar run
java_class_path (initial): /usr/share/sbt/bin/sbt-launch.jar
Launcher Type: SUN_STANDARD

Environment Variables:
PATH=/home/edyoda/Downloads/spark-2.4.3-bin-hadoop2.7/bin:/home/edyoda/anaconda3/bin:/home/edyoda/anaconda3/condabin:/usr/local/sbin:/usr/local/bin:/usr/sbin:/usr/bin:/sbin:/bin:/usr/games:/usr/local/games:/snap/bin
USERNAME=edyoda
SHELL=/bin/bash
DISPLAY=:1

Signal Handlers:
SIGSEGV: [libjvm.so+0xab92f0], sa_mask[0]=11111111011111111101111111111110, sa_flags=SA_RESTART|SA_SIGINFO
SIGBUS: [libjvm.so+0xab92f0], sa_mask[0]=11111111011111111101111111111110, sa_flags=SA_RESTART|SA_SIGINFO
SIGFPE: [libjvm.so+0x8ee560], sa_mask[0]=11111111011111111101111111111110, sa_flags=SA_RESTART|SA_SIGINFO
SIGPIPE: [libjvm.so+0x8ee560], sa_mask[0]=11111111011111111101111111111110, sa_flags=SA_RESTART|SA_SIGINFO
SIGXFSZ: [libjvm.so+0x8ee560], sa_mask[0]=11111111011111111101111111111110, sa_flags=SA_RESTART|SA_SIGINFO
SIGILL: [libjvm.so+0x8ee560], sa_mask[0]=11111111011111111101111111111110, sa_flags=SA_RESTART|SA_SIGINFO
SIGUSR1: SIG_DFL, sa_mask[0]=00000000000000000000000000000000, sa_flags=none
SIGUSR2: [libjvm.so+0x8ee410], sa_mask[0]=00000000000000000000000000000000, sa_flags=SA_RESTART|SA_SIGINFO
SIGHUP: SIG_DFL, sa_mask[0]=00000000000000000000000000000000, sa_flags=none
SIGINT: SIG_DFL, sa_mask[0]=00000000000000000000000000000000, sa_flags=none
SIGTERM: SIG_DFL, sa_mask[0]=00000000000000000000000000000000, sa_flags=none
SIGQUIT: SIG_DFL, sa_mask[0]=00000000000000000000000000000000, sa_flags=none


---------------  S Y S T E M  ---------------

OS:DISTRIB_ID=Ubuntu
DISTRIB_RELEASE=18.04
DISTRIB_CODENAME=bionic
DISTRIB_DESCRIPTION="Ubuntu 18.04.3 LTS"

uname:Linux 5.0.0-25-generic #26~18.04.1-Ubuntu SMP Thu Aug 1 13:51:02 UTC 2019 x86_64
libc:glibc 2.27 NPTL 2.27 
rlimit: STACK 8192k, CORE 0k, NPROC 19944, NOFILE 4096, AS infinity
load average:1.46 0.68 0.28

/proc/meminfo:
MemTotal:        5153516 kB
MemFree:          123076 kB
MemAvailable:      95988 kB
Buffers:           15940 kB
Cached:           238384 kB
SwapCached:        52224 kB
Active:          3728328 kB
Inactive:        1056288 kB
Active(anon):    3641880 kB
Inactive(anon):   983252 kB
Active(file):      86448 kB
Inactive(file):    73036 kB
Unevictable:          48 kB
Mlocked:              48 kB
SwapTotal:        976320 kB
SwapFree:         205636 kB
Dirty:               116 kB
Writeback:             0 kB
AnonPages:       4524152 kB
Mapped:           199372 kB
Shmem:             94828 kB
KReclaimable:      32552 kB
Slab:             100596 kB
SReclaimable:      32552 kB
SUnreclaim:        68044 kB
KernelStack:       15424 kB
PageTables:        63096 kB
NFS_Unstable:          0 kB
Bounce:                0 kB
WritebackTmp:          0 kB
CommitLimit:     3553076 kB
Committed_AS:   13435196 kB
VmallocTotal:   34359738367 kB
VmallocUsed:           0 kB
VmallocChunk:          0 kB
Percpu:              544 kB
HardwareCorrupted:     0 kB
AnonHugePages:         0 kB
ShmemHugePages:        0 kB
ShmemPmdMapped:        0 kB
CmaTotal:              0 kB
CmaFree:               0 kB
HugePages_Total:       0
HugePages_Free:        0
HugePages_Rsvd:        0
HugePages_Surp:        0
Hugepagesize:       2048 kB
Hugetlb:               0 kB
DirectMap4k:      157632 kB
DirectMap2M:     5171200 kB

container (cgroup) information:
container_type: cgroupv1
cpu_cpuset_cpus: 0
cpu_memory_nodes: 0
active_processor_count: 1
cpu_quota: -1
cpu_period: 100000
cpu_shares: -1
memory_limit_in_bytes: -1
memory_and_swap_limit_in_bytes: -2
memory_soft_limit_in_bytes: -1
memory_usage_in_bytes: 4331110400
memory_max_usage_in_bytes: 4343853056


CPU:total 1 (initial active 1) (1 cores per cpu, 1 threads per core) family 6 model 78 stepping 3, cmov, cx8, fxsr, mmx, sse, sse2, sse3, ssse3, sse4.1, sse4.2, popcnt, avx, avx2, aes, clmul, 3dnowpref, lzcnt, tsc, tscinvbit

/proc/cpuinfo:
processor	: 0
vendor_id	: GenuineIntel
cpu family	: 6
model		: 78
model name	: Intel(R) Core(TM) i5-6300U CPU @ 2.40GHz
stepping	: 3
cpu MHz		: 2496.004
cache size	: 3072 KB
physical id	: 0
siblings	: 1
core id		: 0
cpu cores	: 1
apicid		: 0
initial apicid	: 0
fpu		: yes
fpu_exception	: yes
cpuid level	: 22
wp		: yes
flags		: fpu vme de pse tsc msr pae mce cx8 apic sep mtrr pge mca cmov pat pse36 clflush mmx fxsr sse sse2 ht syscall nx rdtscp lm constant_tsc rep_good nopl xtopology nonstop_tsc cpuid tsc_known_freq pni pclmulqdq monitor ssse3 cx16 pcid sse4_1 sse4_2 x2apic movbe popcnt aes xsave avx rdrand hypervisor lahf_lm abm 3dnowprefetch invpcid_single pti fsgsbase avx2 invpcid rdseed clflushopt md_clear flush_l1d
bugs		: cpu_meltdown spectre_v1 spectre_v2 spec_store_bypass l1tf mds swapgs
bogomips	: 4992.00
clflush size	: 64
cache_alignment	: 64
address sizes	: 39 bits physical, 48 bits virtual
power management:



Memory: 4k page, physical 5153516k(123076k free), swap 976320k(205636k free)

vm_info: OpenJDK 64-Bit Server VM (25.222-b10) for linux-amd64 JRE (1.8.0_222-8u222-b10-1ubuntu1~18.04.1-b10), built on Jul 18 2019 18:52:48 by "buildd" with gcc 7.4.0

time: Fri Feb  7 14:14:03 2020
timezone: IST
elapsed time: 0 seconds (0d 0h 0m 0s)

